<?xml version="1.0" encoding="UTF-8"?>
<!-- Generated by org.testng.reporters.JUnitReportReporter -->
<testsuite skipped="0" hostname="Hasee-PC" name="testNG.GroupingExample" tests="4" failures="0" timestamp="23 Dec 2018 12:43:40 GMT" time="0.048" errors="0">
  <testcase name="moto1" time="0.031" classname="testNG.GroupingExample"/>
  <testcase name="moto2" time="0.003" classname="testNG.GroupingExample"/>
  <testcase name="vivo1" time="0.006" classname="testNG.GroupingExample"/>
  <testcase name="vivo2" time="0.008" classname="testNG.GroupingExample"/>
</testsuite> <!-- testNG.GroupingExample -->
