<?xml version="1.0" encoding="UTF-8"?>
<!-- Generated by org.testng.reporters.JUnitReportReporter -->
<testsuite skipped="0" hostname="Hasee-PC" name="testNG.DependanciesManagment" tests="3" failures="0" timestamp="23 Dec 2018 12:22:45 GMT" time="0.074" errors="0">
  <testcase name="higherSecondary" time="0.004" classname="testNG.DependanciesManagment"/>
  <testcase name="engineering" time="0.003" classname="testNG.DependanciesManagment"/>
  <testcase name="highSchool" time="0.067" classname="testNG.DependanciesManagment"/>
</testsuite> <!-- testNG.DependanciesManagment -->
