<?xml version="1.0" encoding="UTF-8"?>
<!-- Generated by org.testng.reporters.JUnitReportReporter -->
<testsuite skipped="0" hostname="Hasee-PC" name="testNG.SuiteExample" tests="3" failures="0" timestamp="23 Dec 2018 10:02:40 GMT" time="36.083" errors="0">
  <testcase name="openGoogle" time="5.488" classname="testNG.SuiteExample"/>
  <testcase name="openYahoo" time="25.896" classname="testNG.SuiteExample"/>
  <testcase name="openBing" time="4.699" classname="testNG.SuiteExample"/>
</testsuite> <!-- testNG.SuiteExample -->
