<?xml version="1.0" encoding="UTF-8"?>
<!-- Generated by org.testng.reporters.JUnitReportReporter -->
<testsuite skipped="1" hostname="Hasee-PC" name="testNG.SkipATestCase" tests="6" failures="0" timestamp="23 Dec 2018 12:22:45 GMT" time="0.065" errors="0">
  <testcase name="startTheCar" time="0.005" classname="testNG.SkipATestCase"/>
  <testcase name="putFirstGear" time="0.004" classname="testNG.SkipATestCase"/>
  <testcase name="putSecondGear" time="0.003" classname="testNG.SkipATestCase"/>
  <testcase name="putThirdGear" time="0.016" classname="testNG.SkipATestCase"/>
  <testcase name="putFourthGear" time="0.037" classname="testNG.SkipATestCase"/>
  <testcase name="turnTheMusicOn" classname="testNG.SkipATestCase">
    <skipped/>
  </testcase> <!-- turnTheMusicOn -->
</testsuite> <!-- testNG.SkipATestCase -->
