<?xml version="1.0" encoding="UTF-8"?>
<!-- Generated by org.testng.reporters.JUnitReportReporter -->
<testsuite skipped="0" hostname="Hasee-PC" name="testNG.DriveACar" tests="5" failures="0" timestamp="23 Dec 2018 15:19:18 GMT" time="0.077" errors="0">
  <testcase name="startTheCar" time="0.058" classname="testNG.DriveACar"/>
  <testcase name="putFirstGear" time="0.005" classname="testNG.DriveACar"/>
  <testcase name="putSecondGear" time="0.005" classname="testNG.DriveACar"/>
  <testcase name="putThirdGear" time="0.005" classname="testNG.DriveACar"/>
  <testcase name="putFourthGear" time="0.004" classname="testNG.DriveACar"/>
</testsuite> <!-- testNG.DriveACar -->
