<?xml version="1.0" encoding="UTF-8"?>
<testng-results skipped="0" failed="0" ignored="0" total="1" passed="1">
  <reporter-output>
  </reporter-output>
  <suite name="Test Suite" duration-ms="90" started-at="2018-12-23T16:49:50Z" finished-at="2018-12-23T16:49:50Z">
    <groups>
    </groups>
    <test name="Test cases" duration-ms="90" started-at="2018-12-23T16:49:50Z" finished-at="2018-12-23T16:49:50Z">
      <class name="testNG.SampleTestCase">
        <test-method status="PASS" signature="firstTestCase()[pri:0, instance:testNG.SampleTestCase@fbd816]" name="firstTestCase" duration-ms="29" started-at="2018-12-23T22:19:50Z" finished-at="2018-12-23T22:19:50Z">
          <reporter-output>
          </reporter-output>
        </test-method> <!-- firstTestCase -->
      </class> <!-- testNG.SampleTestCase -->
    </test> <!-- Test cases -->
  </suite> <!-- Test Suite -->
</testng-results>
